  Application.cpp
D:\Projects\graphics\opengl\OpenGLProject\OpenGLProject\src\Application.cpp(34,21): warning C4244: '=': conversion from 'double' to 'float', possible loss of data
D:\Projects\graphics\opengl\OpenGLProject\OpenGLProject\src\Application.cpp(35,21): warning C4244: '=': conversion from 'double' to 'float', possible loss of data
D:\Projects\graphics\opengl\OpenGLProject\OpenGLProject\src\Application.cpp(72,34): warning C4244: 'argument': conversion from 'int' to 'float', possible loss of data
D:\Projects\graphics\opengl\OpenGLProject\OpenGLProject\src\Application.cpp(72,23): warning C4244: 'argument': conversion from 'int' to 'float', possible loss of data
  Camera.cpp
  TestDynamicGeometry.cpp
D:\Programs\VisualStudio\2022\Community\VC\Tools\MSVC\14.38.33130\include\memory(3465,56): warning C4244: 'argument': conversion from '_Ty' to 'unsigned int', possible loss of data
D:\Programs\VisualStudio\2022\Community\VC\Tools\MSVC\14.38.33130\include\memory(3465,56): warning C4244:         with
D:\Programs\VisualStudio\2022\Community\VC\Tools\MSVC\14.38.33130\include\memory(3465,56): warning C4244:         [
D:\Programs\VisualStudio\2022\Community\VC\Tools\MSVC\14.38.33130\include\memory(3465,56): warning C4244:             _Ty=unsigned __int64
D:\Programs\VisualStudio\2022\Community\VC\Tools\MSVC\14.38.33130\include\memory(3465,56): warning C4244:         ]
  (compiling source file 'src/test/TestDynamicGeometry.cpp')
  D:\Programs\VisualStudio\2022\Community\VC\Tools\MSVC\14.38.33130\include\memory(3465,56):
  the template instantiation context (the oldest one first) is
  	D:\Projects\graphics\opengl\OpenGLProject\OpenGLProject\src\test\TestDynamicGeometry.cpp(43,31):
  	see reference to function template instantiation 'std::unique_ptr<VertexBuffer,std::default_delete<VertexBuffer>> std::make_unique<VertexBuffer,float(&)[80],unsigned __int64,0>(float (&)[80],unsigned __int64 &&)' being compiled
  
  TestParticleSystem.cpp
D:\Projects\graphics\opengl\OpenGLProject\OpenGLProject\src\test\particles\TestParticleSystem.cpp(87,44): warning C4244: 'initializing': conversion from 'float' to 'unsigned int', possible loss of data
D:\Projects\graphics\opengl\OpenGLProject\OpenGLProject\src\test\particles\TestParticleSystem.cpp(95,27): warning C4018: '<': signed/unsigned mismatch
D:\Programs\VisualStudio\2022\Community\VC\Tools\MSVC\14.38.33130\include\memory(3465,56): warning C4267: 'argument': conversion from 'size_t' to 'unsigned int', possible loss of data
  (compiling source file 'src/test/particles/TestParticleSystem.cpp')
  D:\Programs\VisualStudio\2022\Community\VC\Tools\MSVC\14.38.33130\include\memory(3465,56):
  the template instantiation context (the oldest one first) is
  	D:\Projects\graphics\opengl\OpenGLProject\OpenGLProject\src\test\particles\TestParticleSystem.cpp(56,31):
  	see reference to function template instantiation 'std::unique_ptr<VertexBuffer,std::default_delete<VertexBuffer>> std::make_unique<VertexBuffer,float(&)[4000],size_t,0>(float (&)[4000],size_t &&)' being compiled
  
  TestTexture2D.cpp
D:\Programs\VisualStudio\2022\Community\VC\Tools\MSVC\14.38.33130\include\memory(3465,56): warning C4244: 'argument': conversion from '_Ty' to 'unsigned int', possible loss of data
D:\Programs\VisualStudio\2022\Community\VC\Tools\MSVC\14.38.33130\include\memory(3465,56): warning C4244:         with
D:\Programs\VisualStudio\2022\Community\VC\Tools\MSVC\14.38.33130\include\memory(3465,56): warning C4244:         [
D:\Programs\VisualStudio\2022\Community\VC\Tools\MSVC\14.38.33130\include\memory(3465,56): warning C4244:             _Ty=unsigned __int64
D:\Programs\VisualStudio\2022\Community\VC\Tools\MSVC\14.38.33130\include\memory(3465,56): warning C4244:         ]
  (compiling source file 'src/test/TestTexture2D.cpp')
  D:\Programs\VisualStudio\2022\Community\VC\Tools\MSVC\14.38.33130\include\memory(3465,56):
  the template instantiation context (the oldest one first) is
  	D:\Projects\graphics\opengl\OpenGLProject\OpenGLProject\src\test\TestTexture2D.cpp(38,31):
  	see reference to function template instantiation 'std::unique_ptr<VertexBuffer,std::default_delete<VertexBuffer>> std::make_unique<VertexBuffer,float(&)[16],unsigned __int64,0>(float (&)[16],unsigned __int64 &&)' being compiled
  
  TestTexture2DBatch.cpp
D:\Programs\VisualStudio\2022\Community\VC\Tools\MSVC\14.38.33130\include\memory(3465,56): warning C4244: 'argument': conversion from '_Ty' to 'unsigned int', possible loss of data
D:\Programs\VisualStudio\2022\Community\VC\Tools\MSVC\14.38.33130\include\memory(3465,56): warning C4244:         with
D:\Programs\VisualStudio\2022\Community\VC\Tools\MSVC\14.38.33130\include\memory(3465,56): warning C4244:         [
D:\Programs\VisualStudio\2022\Community\VC\Tools\MSVC\14.38.33130\include\memory(3465,56): warning C4244:             _Ty=unsigned __int64
D:\Programs\VisualStudio\2022\Community\VC\Tools\MSVC\14.38.33130\include\memory(3465,56): warning C4244:         ]
  (compiling source file 'src/test/TestTexture2DBatch.cpp')
  D:\Programs\VisualStudio\2022\Community\VC\Tools\MSVC\14.38.33130\include\memory(3465,56):
  the template instantiation context (the oldest one first) is
  	D:\Projects\graphics\opengl\OpenGLProject\OpenGLProject\src\test\TestTexture2DBatch.cpp(43,31):
  	see reference to function template instantiation 'std::unique_ptr<VertexBuffer,std::default_delete<VertexBuffer>> std::make_unique<VertexBuffer,float(&)[80],unsigned __int64,0>(float (&)[80],unsigned __int64 &&)' being compiled
  
  Generating Code...
  OpenGLProject.vcxproj -> D:\Projects\graphics\opengl\OpenGLProject\x64\Debug\OpenGLProject.exe
