d:\projects\graphics\opengl\openglproject\openglproject\x64\debug\vc143.pdb
d:\projects\graphics\opengl\openglproject\openglproject\x64\debug\vc143.idb
d:\projects\graphics\opengl\openglproject\openglproject\x64\debug\vertexbuffer.obj
d:\projects\graphics\opengl\openglproject\openglproject\x64\debug\renderer.obj
d:\projects\graphics\opengl\openglproject\openglproject\x64\debug\indexbuffer.obj
d:\projects\graphics\opengl\openglproject\openglproject\x64\debug\application.obj
d:\projects\graphics\opengl\openglproject\openglproject\x64\debug\vertexarray.obj
d:\projects\graphics\opengl\openglproject\openglproject\x64\debug\shader.obj
d:\projects\graphics\opengl\openglproject\openglproject\x64\debug\stb_image.obj
d:\projects\graphics\opengl\openglproject\openglproject\x64\debug\texture.obj
d:\projects\graphics\opengl\openglproject\openglproject\x64\debug\imgui_widgets.obj
d:\projects\graphics\opengl\openglproject\openglproject\x64\debug\imgui_tables.obj
d:\projects\graphics\opengl\openglproject\openglproject\x64\debug\imgui_impl_glfw.obj
d:\projects\graphics\opengl\openglproject\openglproject\x64\debug\imgui_draw.obj
d:\projects\graphics\opengl\openglproject\openglproject\x64\debug\imgui_demo.obj
d:\projects\graphics\opengl\openglproject\openglproject\x64\debug\imgui.obj
d:\projects\graphics\opengl\openglproject\openglproject\x64\debug\imgui_impl_opengl3.obj
d:\projects\graphics\opengl\openglproject\openglproject\x64\debug\glm.obj
d:\projects\graphics\opengl\openglproject\openglproject\x64\debug\testclearcolor.obj
d:\projects\graphics\opengl\openglproject\openglproject\x64\debug\test.obj
d:\projects\graphics\opengl\openglproject\openglproject\x64\debug\testtexture2d.obj
d:\projects\graphics\opengl\openglproject\openglproject\x64\debug\testtexture2dbatch.obj
d:\projects\graphics\opengl\openglproject\openglproject\x64\debug\testdynamicgeometry.obj
d:\projects\graphics\opengl\openglproject\openglproject\x64\debug\camera.obj
d:\projects\graphics\opengl\openglproject\openglproject\x64\debug\test3dmodel.obj
d:\projects\graphics\opengl\openglproject\x64\debug\openglproject.exe
d:\projects\graphics\opengl\openglproject\openglproject\x64\debug\openglproject.ilk
d:\projects\graphics\opengl\openglproject\x64\debug\openglproject.pdb
d:\projects\graphics\opengl\openglproject\openglproject\x64\debug\openglproject.tlog\cl.command.1.tlog
d:\projects\graphics\opengl\openglproject\openglproject\x64\debug\openglproject.tlog\cl.items.tlog
d:\projects\graphics\opengl\openglproject\openglproject\x64\debug\openglproject.tlog\cl.read.1.tlog
d:\projects\graphics\opengl\openglproject\openglproject\x64\debug\openglproject.tlog\cl.write.1.tlog
d:\projects\graphics\opengl\openglproject\openglproject\x64\debug\openglproject.tlog\link.command.1.tlog
d:\projects\graphics\opengl\openglproject\openglproject\x64\debug\openglproject.tlog\link.read.1.tlog
d:\projects\graphics\opengl\openglproject\openglproject\x64\debug\openglproject.tlog\link.write.1.tlog
